=~=~=~=~=~=~=~=~=~=~=~= PuTTY log 2024.03.07 18:42:41 =~=~=~=~=~=~=~=~=~=~=~=
ets Jun  8 2016 00:22:57

rst:0x1 (POWERON_RESET),boot:0x13 (SPI_FAST_FLASH_BOOT)
configsip: 0, SPIWP:0xee
clk_drv:0x00,q_drv:0x00,d_drv:0x00,cs0_drv:0x00,hd_drv:0x00,wp_drv:0x00
mode:DIO, clock div:2
load:0x3fff0030,len:1184
load:0x40078000,len:13232
load:0x40080400,len:3028
entry 0x400805e4
E (730) esp_core_dump_flash: No core dumÖ…—•—•ΩπÅfound!
E (730) esp_core_dump_flash: No core dump partition found!

Starting OpenDTU-onBattery
Initialize FS... done
Reading configuration... done
[   155][E][vfs_api.cpp:105] open(): /littlefs/pin_mapping.json does not exist, no permits for creation
Reading PinMapping... using default config
Initialize Network... done
Setting Hostname... Configuring WiFi STA using new credentials... done
Initialize NTP... done
Initialize SunPosition... done.
Initialize MqTT... done
Initialize WebApi... done
Initialize LEDs... done
Check for default DTU serial... done
initialize Hoymiles interface... Initialize Hoymiles interface... NRF: Connection successful
  Setting radio PA level... 
  Setting DTU serial... 
  Setting poll interval... 
  Adding inverter: 116174812537 - HM-1500-Tag done
  Adding inverter: 114180122198 - HM-600-Nacht done
done
initialize Datastore... done
Initialize VE.Direct interface... done
Initialize Power Meter... done
Initialize Power Limiter... switch DC power of inverter channel 1 off. done
Initialize Dynamic Zero Grid Export Limiter... done
Initialize MeanWell AC charger interface... CAN0 port rx = 26, tx = 27. Twai driver installed and started. Initialized Successfully! done
Initialize Pylontech battery interface... RS485 (Type 1) port rx = 16, tx = 17, rts = 4, initialized successfully.
Read basic infos and parameters. [Pylontech RS485]::get_pack_count REQUEST & GET Module 2 InfoCommand 02
[Pylontech RS485]:send_cmd frame=~20024690E00202FD30
[Pylontech RS485] frame_data '20024600E00201' length=14
[Pylontech RS485] frame_chksum read=FD3A, computed=FD3A
[Pylontech RS485] ver: 20, adr: 02, cid1: 46, cid2: 00, infolength: 2 info:
 01
[Pylontech RS485]::get_pack_count Number of Battery Packs 1
[Pylontech RS485]::get_pack_count REQUEST & GET Module 3 InfoCommand 03
[Pylontech RS485]:send_cmd frame=~20034690E00203FD2E
WiFi connected
[Pylontech RS485] RS485 read timeout
[Pylontech RS485] Battery not responding, check cabling or battery power switch
[Pylontech RS485] Found 1 Battery Packs
[Pylontech RS485] Master Battery Pack 2
[Pylontech RS485]::get_protocol_version REQUEST & GET Module 2
[Pylontech RS485]:send_cmd frame=~2002464F0000FD98
[Pylontech RS485] frame_data '200246000000' length=12
[Pylontech RS485] frame_chksum read=FDB2, computed=FDB2
[Pylontech RS485] ver: 20, adr: 02, cid1: 46, cid2: 00, infolength: 0 info:

[Pylontech RS485] Protocol Version: 2.0
[Pylontech RS485]::get_manufacturer_info REQUEST & GET Module 2
[Pylontech RS485]:send_cmd frame=~200246510000FDAC
[Pylontech RS485] frame_data '20024600C04055533330303043000000010850796C6F6E2D2D2D2D2D2D2D2D2D2D2D2D2D2D2D' length=76
[Pylontech RS485] frame_chksum read=EFBB, computed=EFBB
[Pylontech RS485] ver: 20, adr: 02, cid1: 46, cid2: 00, infolength: 64 info:
 55 53 33 30 30 30 43 00 00 00 01 08 50 79 6C 6F
 6E 2D 2D 2D 2D 2D 2D 2D 2D 2D 2D 2D 2D 2D 2D 2D

[Pylontech RS485] Manufacturer: 'Pylon---------------' size: 20
[Pylontech RS485] Software Version: 1.8
[Pylontech RS485] Device Name: 'US3000C' size: 10
[Pylontech RS485] Manufacturer: 'Pylon' size: 5
[Pylontech RS485] Device Name: 'US3000C' size: 7
[Pylontech RS485] Device Name: 'US3000C' Manufacturer Name: 'Pylontech'
[Pylontech RS485]::get_module_serial_number REQUEST & GET Module 2
[Pylontech RS485]:send_cmd frame=~20024693E00202FD2D
[Pylontech RS485] frame_data '20024600C022024B323231313039433332303430343436' length=46
[Pylontech RS485] frame_chksum read=F6CC, computed=F6CC
[Pylontech RS485] ver: 20, adr: 02, cid1: 46, cid2: 00, infolength: 34 info:
 02 4B 32 32 31 31 30 39 43 33 32 30 34 30 34 34
 36
[Pylontech RS485] CommandValue 02, S/N 'K221109C32040446'
[Pylontech RS485]::get_firmware_info REQUEST & GET Module 2
[Pylontech RS485]:send_cmd frame=~20024696E00202FD2A
[Pylontech RS485] frame_data '20024600400C020108000609' length=24
[Pylontech RS485] frame_chksum read=FB41, computed=FB41
[Pylontech RS485] ver: 20, adr: 02, cid1: 46, cid2: 00, infolength: 12 info:
 02 01 08 00 06 09
[Pylontech RS485] CommandValue: 2, Manufacturer Version: '1.8'
[Pylontech RS485] Main Line Version: '0.6.9'
[Pylontech RS485]::get_system_parameters REQUEST & GET Module 2
[Pylontech RS485]:send_cmd frame=~200246470000FDA7
[Pylontech RS485] frame_data '20024600B032100E420BEA0AF00D030A470384D2F0B3B0A7F80D030A47FC7C' length=62
[Pylontech RS485] frame_chksum read=F27F, computed=F27F
[Pylontech RS485] ver: 20, adr: 02, cid1: 46, cid2: 00, infolength: 50 info:
 10 0E 42 0B EA 0A F0 0D 03 0A 47 03 84 D2 F0 B3
 B0 A7 F8 0D 03 0A 47 FC 7C
[Pylontech RS485] InfoFlag: 10, CurrentLimit charge: 90.00A, discharge: -90.00A
[Pylontech RS485] Cell VoltageLimit High: 3.650V, Low: 3.050V, Under: 2.800V
[Pylontech RS485] Charge TemperatureLimit High: 60.0¬∞C, Low: -10.0¬∞C
[Pylontech RS485] VoltageLimit High: 54.000V, Low: 46.000V, Under: 43.000V
[Pylontech RS485] Discharge TemperatureLimit High: 60.0¬∞C, Low: -10.0¬∞C
[Pylontech RS485]::get_charge_discharge_management_info REQUEST & GET Module 2
[Pylontech RS485]:send_cmd frame=~20024692E00202FD2E
[Pylontech RS485] frame_data '20024600B01402D002AFC80172FE8EC0' length=32
[Pylontech RS485] frame_chksum read=F91C, computed=F91C
[Pylontech RS485] ver: 20, adr: 02, cid1: 46, cid2: 00, infolength: 20 info:
 02 D0 02 AF C8 01 72 FE 8E C0
[Pylontech RS485] CommandValue: 02, CVL:53.250V, DVL:45.000V, CCL:37.0A, DCL:-37.0A, CE:1 DE:1 CI1:0 CI2:0 FCR:0
[Pylontech RS485]::get_analog_value REQUEST & GET Module 2 InfoCommand 02
[Pylontech RS485]:send_cmd frame=~20024642E00202FD33
[Pylontech RS485] New realloc location: 0x3ffe277c. Size: 160 bytes.
[Pylontech RS485] frame_data '20024600F07A00020F0C860C850C860C860C850C850C860C850C850C860C860C860C850C850C86050BCE0BB90BB70BB20BBC0000BBD3FFFF04FFFF000C00258A012110' length=134
[Pylontech RS485] frame_chksum read=E289, computed=E289
[Pylontech RS485] ver: 20, adr: 02, cid1: 46, cid2: 00, infolength: 122 info:
 00 02 0F 0C 86 0C 85 0C 86 0C 86 0C 85 0C 85 0C
 86 0C 85 0C 85 0C 86 0C 86 0C 86 0C 85 0C 85 0C
 86 05 0B CE 0B B9 0B B7 0B B2 0B BC 00 00 BB D3
 FF FF 04 FF FF 00 0C 00 25 8A 01 21 10
[Pylontech RS485] InfoFlag: 00, Number of Cells: 15
[Pylontech RS485] Number of Temperatures: 5
[Pylontech RS485] AverageBMSTemperature: 29.1
[Pylontech RS485] AverageCellTemperature: 26.8
[Pylontech RS485] MinCellTemperature: 26.3
[Pylontech RS485] MaxCellTemperature: 27.3
[Pylontech RS485] Current: 0.0, Voltage: 48.083
[Pylontech RS485] Capacity: 74.000, Remaining: 9.610
[Pylontech RS485] Power: 0.000 kW
[Pylontech RS485] State of Charge: 13%, Cycles: 12
[Pylontech RS485]::get_alarm_info REQUEST & GET Module 2 InfoCommand 02
[Pylontech RS485]:send_cmd frame=~20024644E00202FD31
[Pylontech RS485] frame_data '20024600A04200020F000000000000000000000000000000050000000000000000000E00000000' length=78
[Pylontech RS485] frame_chksum read=F109, computed=F109
[Pylontech RS485] ver: 20, adr: 02, cid1: 46, cid2: 00, infolength: 66 info:
 00 02 0F 00 00 00 00 00 00 00 00 00 00 00 00 00
 00 00 05 00 00 00 00 00 00 00 00 00 0E 00 00 00
 00
[Pylontech RS485] DataFlag: 00, CommandValue: 02, Number of Cell: 15, Status: 00 00 00 00 00 00 00 00 00 00 00 00 00 00 00 
[Pylontech RS485] Status ChargeCurrent: 00 ModuleVoltage: 00 DischargeCurrent: 00
[Pylontech RS485] Status 1: MOV:normal, CUV:normal, COC:normal, DOC:normal, DOT:normal, COT:normal, MUV:normal
[Pylontech RS485] Status 2:  using battery module power, Discharge MOSFET ON, Charge MOSFEET ON, Pre MOSFET OFF
[Pylontech RS485] Status 3: buzzer off, fully Charged (SOC=normal), discharge current detected by BMS normal, charge current detected by BMS normal
[Pylontech RS485] Cell Error: 0000
done
Free heap: 99696
Switch to WiFi mode
Setting Hostname... done
Configuring WiFi STA using existing credentials... done
Configuring WiFi STA DHCP IP... done
Fetch inverter: 116174812537
[PowerLimiter] waiting for valid date and time to be available
[ZeroExport] waiting for valid date and time to be available
[MEANWELL] Round trip 20 ms
[Pylontech RS485] Master Battery Pack 2
[Pylontech RS485] request time 4 ms, Cmnd: 42
[Pylontech RS485] response time 4 ms, Cmnd: 42
Fetch inverter: 116174812537
[PowerLimiter] waiting for valid date and time to be available
[ZeroExport] waiting for valid date and time to be available
[MEANWELL] Round trip 13 ms
[Pylontech RS485] Master Battery Pack 2
[Pylontech RS485] request time 4 ms, Cmnd: 92
[Pylontech RS485] response time 1 ms, Cmnd: 92
Fetch inverter: 116174812537
[MEANWELL] Round trip 13 ms
[MEANWELL] Round trip 13 ms
[Pylontech RS485] Master Battery Pack 2
[Pylontech RS485] request time 5 ms, Cmnd: 42
[Pylontech RS485] response time 4 ms, Cmnd: 42
Fetch inverter: 116174812537
[PowerLimiter] waiting for valid date and time to be available
[ZeroExport] waiting for valid date and time to be available
[MEANWELL] Round trip 13 ms
[Pylontech RS485] Master Battery Pack 2
[Pylontech RS485] request time 4 ms, Cmnd: 44
[Pylontech RS485] response time 2 ms, Cmnd: 44
Fetch inverter: 116174812537
[MEANWELL] Round trip 13 ms
[PowerLimiter] waiting for valid date and time to be available
[ZeroExport] waiting for valid date and time to be available
[MEANWELL] Round trip 13 ms
[Pylontech RS485] Master Battery Pack 2
[Pylontech RS485] request time 4 ms, Cmnd: 42
[Pylontech RS485] response time 4 ms, Cmnd: 42
Fetch inverter: 116174812537
[MEANWELL] Round trip 13 ms
ets Jun  8 2016 00:22:57

rst:0x1 (POWERON_RESET),boot:0x13 (SPI_FAST_FLASH_BOOT)
configsip: 0, SPIWP:0xee
clk_drv:0x00,q_drv:0x00,d_drv:0x00,cs0_drv:0x00,hd_drv:0x00,wp_drv:0x00
mode:DIO, clock div:2
load:0x3fff0030,len:1184
load:0x40078000,len:13232
load:0x40080400,len:3028
entry 0x400805e4
E (730) esp_core_dump_flash: No core dumÖ…—•—•ΩπÅfound!
E (730) esp_core_dump_flash: No core dump partition found!

Starting OpenDTU-onBattery
Initialize FS... done
Reading configuration... done
[   154][E][vfs_api.cpp:105] open(): /littlefs/pin_mapping.json does not exist, no permits for creation
Reading PinMapping... using default config
Initialize Network... done
Setting Hostname... Configuring WiFi STA using new credentials... done
Initialize NTP... done
Initialize SunPosition... done.
Initialize MqTT... done
Initialize WebApi... done
Initialize LEDs... done
Check for default DTU serial... done
initialize Hoymiles interface... Initialize Hoymiles interface... NRF: Connection successful
  Setting radio PA level... 
  Setting DTU serial... 
  Setting poll interval... 
  Adding inverter: 116174812537 - HM-1500-Tag done
  Adding inverter: 114180122198 - HM-600-Nacht done
done
initialize Datastore... done
Initialize VE.Direct interface... done
Initialize Power Meter... done
Initialize Power Limiter... switch DC power of inverter channel 1 off. done
Initialize Dynamic Zero Grid Export Limiter... done
Initialize MeanWell AC charger interface... CAN0 port rx = 26, tx = 27. Twai driver installed and started. Initialized Successfully! done
Initialize Pylontech battery interface... RS485 (Type 1) port rx = 16, tx = 17, rts = 4, initialized successfully.
Read basic infos and parameters. [Pylontech RS485]::get_pack_count REQUEST & GET Module 2 InfoCommand 02
[Pylontech RS485]:send_cmd frame=~20024690E00202FD30
[Pylontech RS485] frame_data '20024600E00201' length=14
[Pylontech RS485] frame_chksum read=FD3A, computed=FD3A
[Pylontech RS485] ver: 20, adr: 02, cid1: 46, cid2: 00, infolength: 2 info:
 01
[Pylontech RS485]::get_pack_count Number of Battery Packs 1
[Pylontech RS485]::get_pack_count REQUEST & GET Module 3 InfoCommand 03
[Pylontech RS485]:send_cmd frame=~20034690E00203FD2E
WiFi connected
WiFi got ip: 192.168.0.86
[Pylontech RS485] RS485 read timeout
[Pylontech RS485] Battery not responding, check cabling or battery power switch
[Pylontech RS485] Found 1 Battery Packs
[Pylontech RS485] Master Battery Pack 2
[Pylontech RS485]::get_protocol_version REQUEST & GET Module 2
[Pylontech RS485]:send_cmd frame=~2002464F0000FD98
[Pylontech RS485] frame_data '200246000000' length=12
[Pylontech RS485] frame_chksum read=FDB2, computed=FDB2
[Pylontech RS485] ver: 20, adr: 02, cid1: 46, cid2: 00, infolength: 0 info:

[Pylontech RS485] Protocol Version: 2.0
[Pylontech RS485]::get_manufacturer_info REQUEST & GET Module 2
[Pylontech RS485]:send_cmd frame=~200246510000FDAC
[Pylontech RS485] frame_data '20024600C04055533330303043000000010850796C6F6E2D2D2D2D2D2D2D2D2D2D2D2D2D2D2D' length=76
[Pylontech RS485] frame_chksum read=EFBB, computed=EFBB
[Pylontech RS485] ver: 20, adr: 02, cid1: 46, cid2: 00, infolength: 64 info:
 55 53 33 30 30 30 43 00 00 00 01 08 50 79 6C 6F
 6E 2D 2D 2D 2D 2D 2D 2D 2D 2D 2D 2D 2D 2D 2D 2D

[Pylontech RS485] Manufacturer: 'Pylon---------------' size: 20
[Pylontech RS485] Software Version: 1.8
[Pylontech RS485] Device Name: 'US3000C' size: 10
[Pylontech RS485] Manufacturer: 'Pylon' size: 5
[Pylontech RS485] Device Name: 'US3000C' size: 7
[Pylontech RS485] Device Name: 'US3000C' Manufacturer Name: 'Pylontech'
[Pylontech RS485]::get_module_serial_number REQUEST & GET Module 2
[Pylontech RS485]:send_cmd frame=~20024693E00202FD2D
[Pylontech RS485] frame_data '20024600C022024B323231313039433332303430343436' length=46
[Pylontech RS485] frame_chksum read=F6CC, computed=F6CC
[Pylontech RS485] ver: 20, adr: 02, cid1: 46, cid2: 00, infolength: 34 info:
 02 4B 32 32 31 31 30 39 43 33 32 30 34 30 34 34
 36
[Pylontech RS485] CommandValue 02, S/N 'K221109C32040446'
[Pylontech RS485]::get_firmware_info REQUEST & GET Module 2
[Pylontech RS485]:send_cmd frame=~20024696E00202FD2A
[Pylontech RS485] frame_data '20024600400C020108000609' length=24
[Pylontech RS485] frame_chksum read=FB41, computed=FB41
[Pylontech RS485] ver: 20, adr: 02, cid1: 46, cid2: 00, infolength: 12 info:
 02 01 08 00 06 09
[Pylontech RS485] CommandValue: 2, Manufacturer Version: '1.8'
[Pylontech RS485] Main Line Version: '0.6.9'
[Pylontech RS485]::get_system_parameters REQUEST & GET Module 2
[Pylontech RS485]:send_cmd frame=~200246470000FDA7
[Pylontech RS485] frame_data '20024600B032100E420BEA0AF00D030A470384D2F0B3B0A7F80D030A47FC7C' length=62
[Pylontech RS485] frame_chksum read=F27F, computed=F27F
[Pylontech RS485] ver: 20, adr: 02, cid1: 46, cid2: 00, infolength: 50 info:
 10 0E 42 0B EA 0A F0 0D 03 0A 47 03 84 D2 F0 B3
 B0 A7 F8 0D 03 0A 47 FC 7C
[Pylontech RS485] InfoFlag: 10, CurrentLimit charge: 90.00A, discharge: -90.00A
[Pylontech RS485] Cell VoltageLimit High: 3.650V, Low: 3.050V, Under: 2.800V
[Pylontech RS485] Charge TemperatureLimit High: 60.0¬∞C, Low: -10.0¬∞C
[Pylontech RS485] VoltageLimit High: 54.000V, Low: 46.000V, Under: 43.000V
[Pylontech RS485] Discharge TemperatureLimit High: 60.0¬∞C, Low: -10.0¬∞C
[Pylontech RS485]::get_charge_discharge_management_info REQUEST & GET Module 2
[Pylontech RS485]:send_cmd frame=~20024692E00202FD2E
[Pylontech RS485] frame_data '20024600B01402D002AFC80172FE8EC0' length=32
[Pylontech RS485] frame_chksum read=F91C, computed=F91C
[Pylontech RS485] ver: 20, adr: 02, cid1: 46, cid2: 00, infolength: 20 info:
 02 D0 02 AF C8 01 72 FE 8E C0
[Pylontech RS485] CommandValue: 02, CVL:53.250V, DVL:45.000V, CCL:37.0A, DCL:-37.0A, CE:1 DE:1 CI1:0 CI2:0 FCR:0
[Pylontech RS485]::get_analog_value REQUEST & GET Module 2 InfoCommand 02
[Pylontech RS485]:send_cmd frame=~20024642E00202FD33
[Pylontech RS485] New realloc location: 0x3ffe9e20. Size: 160 bytes.
[Pylontech RS485] frame_data '20024600F07A00020F0C860C850C860C860C850C860C860C860C860C860C860C860C850C860C86050BCE0BB90BB70BB20BBD0000BBD7FFFF04FFFF000C00258A012110' length=134
[Pylontech RS485] frame_chksum read=E280, computed=E280
[Pylontech RS485] ver: 20, adr: 02, cid1: 46, cid2: 00, infolength: 122 info:
 00 02 0F 0C 86 0C 85 0C 86 0C 86 0C 85 0C 86 0C
 86 0C 86 0C 86 0C 86 0C 86 0C 86 0C 85 0C 86 0C
 86 05 0B CE 0B B9 0B B7 0B B2 0B BD 00 00 BB D7
 FF FF 04 FF FF 00 0C 00 25 8A 01 21 10
[Pylontech RS485] InfoFlag: 00, Number of Cells: 15
[Pylontech RS485] Number of Temperatures: 5
[Pylontech RS485] AverageBMSTemperature: 29.1
[Pylontech RS485] AverageCellTemperature: 26.9
[Pylontech RS485] MinCellTemperature: 26.3
[Pylontech RS485] MaxCellTemperature: 27.4
[Pylontech RS485] Current: 0.0, Voltage: 48.087
[Pylontech RS485] Capacity: 74.000, Remaining: 9.610
[Pylontech RS485] Power: 0.000 kW
[Pylontech RS485] State of Charge: 13%, Cycles: 12
[Pylontech RS485]::get_alarm_info REQUEST & GET Module 2 InfoCommand 02
[Pylontech RS485]:send_cmd frame=~20024644E00202FD31
[Pylontech RS485] frame_data '20024600A04200020F000000000000000000000000000000050000000000000000000E00000000' length=78
[Pylontech RS485] frame_chksum read=F109, computed=F109
[Pylontech RS485] ver: 20, adr: 02, cid1: 46, cid2: 00, infolength: 66 info:
 00 02 0F 00 00 00 00 00 00 00 00 00 00 00 00 00
 00 00 05 00 00 00 00 00 00 00 00 00 0E 00 00 00
 00
[Pylontech RS485] DataFlag: 00, CommandValue: 02, Number of Cell: 15, Status: 00 00 00 00 00 00 00 00 00 00 00 00 00 00 00 
[Pylontech RS485] Status ChargeCurrent: 00 ModuleVoltage: 00 DischargeCurrent: 00
[Pylontech RS485] Status 1: MOV:normal, CUV:normal, COC:normal, DOC:normal, DOT:normal, COT:normal, MUV:normal
[Pylontech RS485] Status 2:  using battery module power, Discharge MOSFET ON, Charge MOSFEET ON, Pre MOSFET OFF
[Pylontech RS485] Status 3: buzzer off, fully Charged (SOC=normal), discharge current detected by BMS normal, charge current detected by BMS normal
[Pylontech RS485] Cell Error: 0000
done
Free heap: 86264
Switch to WiFi mode
Setting Hostname... done
Websocket: [/livedata][1] connect
Websocket: [/batterylivedata][1] connect
Configuring WiFi STA using existing credentials... done
Configuring WiFi STA DHCP IP... done
Websocket: [/livedata][1] disconnect
Websocket: [/batterylivedata][1] disconnect
Fetch inverter: 116174812537
[PowerLimiter] disconnect inverter from battery
WiFi got ip: 192.168.0.86
Network connected
Connecting to MQTT...
Connected to MQTT.
[MEANWELL] Round trip 18 ms
[Pylontech RS485] Master Battery Pack 2
[Pylontech RS485] request time 5 ms, Cmnd: 42
[PowerMeter] Round trip 147 ms
[MEANWELL] Round trip 14 ms
[Pylontech RS485] response time 5 ms, Cmnd: 42
[Pylontech RS485] Master Battery Pack 2
[Pylontech RS485] request time 4 ms, Cmnd: 92
[Pylontech RS485] response time 1 ms, Cmnd: 92
All missing
Nothing received, resend whole request
All missing
Nothing received, resend whole request
All missing
Nothing received, resend whole request
All missing
Nothing received, resend whole request
All missing
Nothing received, resend count exeeded
[PowerMeter] Round trip 127 ms
All missing
Nothing received, resend whole request
[MEANWELL] Round trip 14 ms
All missing
Nothing received, resend whole request
All missing
Nothing received, resend whole request
All missing
Nothing received, resend whole request
[Pylontech RS485] Master Battery Pack 2
[Pylontech RS485] request time 5 ms, Cmnd: 42
[Pylontech RS485] response time 4 ms, Cmnd: 42
[PowerMeter] Round trip 87 ms
All missing
Nothing received, resend count exeeded
[MEANWELL] Round trip 15 ms
Admin AP remaining seconds: 10 / 180
[PowerMeter] Round trip 242 ms
[MEANWELL] Round trip 15 ms
[Pylontech RS485] Master Battery Pack 2
[Pylontech RS485] request time 5 ms, Cmnd: 44
[Pylontech RS485] response time 3 ms, Cmnd: 44
[PowerMeter] Round trip 107 ms
[PowerMeter] Round trip 96 ms
[MEANWELL] Round trip 15 ms
[Pylontech RS485] Master Battery Pack 2
[Pylontech RS485] request time 5 ms, Cmnd: 42
[Pylontech RS485] response time 4 ms, Cmnd: 42
[PowerMeter] Round trip 144 ms
Admin AP remaining seconds: 20 / 180
[MEANWELL] Round trip 15 ms
[PowerMeter] Round trip 105 ms
[MEANWELL] Round trip 15 ms
[Pylontech RS485] Master Battery Pack 2
[Pylontech RS485] request time 4 ms, Cmnd: 47
[Pylontech RS485] response time 2 ms, Cmnd: 47
[PowerMeter] Round trip 98 ms
[MEANWELL] Round trip 15 ms
[PowerMeter] Round trip 90 ms
Admin AP remaining seconds: 30 / 180
[Pylontech RS485] Master Battery Pack 2
[Pylontech RS485] request time 5 ms, Cmnd: 42
[Pylontech RS485] response time 4 ms, Cmnd: 42
[PowerMeter] Round trip 107 ms
[MEANWELL] Round trip 15 ms
[PowerMeter] Round trip 121 ms
Websocket: [/livedata][2] connect
Websocket: [/batterylivedata][2] connect
Websocket: [/meanwelllivedata][1] connect
[MEANWELL] Round trip 15 ms
[Pylontech RS485] Master Battery Pack 2
[Pylontech RS485] request time 4 ms, Cmnd: 92
[Pylontech RS485] response time 1 ms, Cmnd: 92
[PowerMeter] Round trip 120 ms
Admin AP remaining seconds: 40 / 180
[MEANWELL] Round trip 14 ms
[PowerMeter] Round trip 88 ms
[Pylontech RS485] Master Battery Pack 2
[Pylontech RS485] request time 5 ms, Cmnd: 42
[Pylontech RS485] response time 5 ms, Cmnd: 42
[PowerMeter] Round trip 106 ms
[MEANWELL] Round trip 14 ms
[PowerMeter] Round trip 102 ms
[MEANWELL] Round trip 14 ms
[Pylontech RS485] Master Battery Pack 2
[Pylontech RS485] request time 4 ms, Cmnd: 44
[Pylontech RS485] response time 2 ms, Cmnd: 44
[PowerMeter] Round trip 133 ms
Admin AP remaining seconds: 50 / 180
[MEANWELL] Round trip 15 ms
[PowerMeter] Round trip 88 ms
[Pylontech RS485] Master Battery Pack 2
[Pylontech RS485] request time 4 ms, Cmnd: 42
[Pylontech RS485] response time 5 ms, Cmnd: 42
[PowerMeter] Round trip 101 ms
[MEANWELL] Round trip 14 ms
[PowerMeter] Round trip 113 ms
[Pylontech RS485] Master Battery Pack 2
[Pylontech RS485] request time 4 ms, Cmnd: 47
[Pylontech RS485] response time 3 ms, Cmnd: 47
[MEANWELL] Round trip 14 ms
Admin AP remaining seconds: 60 / 180
[PowerMeter] Round trip 89 ms
[MEANWELL] Round trip 14 ms
[PowerMeter] Round trip 377 ms
[Pylontech RS485] Master Battery Pack 2
[Pylontech RS485] request time 4 ms, Cmnd: 42
[Pylontech RS485] response time 5 ms, Cmnd: 42
[MEANWELL] Round trip 14 ms
[PowerMeter] Round trip 179 ms
Admin AP remaining seconds: 70 / 180
[PowerMeter] Round trip 89 ms
[Pylontech RS485] Master Battery Pack 2
[Pylontech RS485] request time 5 ms, Cmnd: 92
[Pylontech RS485] response time 2 ms, Cmnd: 92
[MEANWELL] Round trip 15 ms
[PowerMeter] Round trip 90 ms
[MEANWELL] Round trip 15 ms
[PowerMeter] Round trip 89 ms
[Pylontech RS485] Master Battery Pack 2
[Pylontech RS485] request time 6 ms, Cmnd: 42
[Pylontech RS485] response time 4 ms, Cmnd: 42
[MEANWELL] Round trip 14 ms
[PowerMeter] Round trip 105 ms
Admin AP remaining seconds: 80 / 180
[MEANWELL] Round trip 14 ms
[Pylontech RS485] Master Battery Pack 2
[Pylontech RS485] request time 4 ms, Cmnd: 44
[Pylontech RS485] response time 3 ms, Cmnd: 44
[PowerMeter] Round trip 276 ms
[PowerMeter] Round trip 99 ms
[MEANWELL] Round trip 14 ms
[Pylontech RS485] Master Battery Pack 2
[Pylontech RS485] request time 5 ms, Cmnd: 42
[Pylontech RS485] response time 4 ms, Cmnd: 42
[PowerMeter] Round trip 104 ms
Admin AP remaining seconds: 90 / 180
[MEANWELL] Round trip 14 ms
[PowerMeter] Round trip 94 ms
[MEANWELL] Round trip 14 ms
[Pylontech RS485] Master Battery Pack 2
[Pylontech RS485] request time 4 ms, Cmnd: 47
[Pylontech RS485] response time 3 ms, Cmnd: 47
[PowerMeter] Round trip 92 ms
[PowerMeter] Round trip 89 ms
[MEANWELL] Round trip 15 ms
Admin AP remaining seconds: 100 / 180
[Pylontech RS485] Master Battery Pack 2
[Pylontech RS485] request time 4 ms, Cmnd: 42
[Pylontech RS485] response time 4 ms, Cmnd: 42
[PowerMeter] Round trip 99 ms
[MEANWELL] Round trip 14 ms
[PowerMeter] Round trip 90 ms
[MEANWELL] Round trip 14 ms
[Pylontech RS485] Master Battery Pack 2
[Pylontech RS485] request time 4 ms, Cmnd: 92
[Pylontech RS485] response time 1 ms, Cmnd: 92
[PowerMeter] Round trip 83 ms
[MEANWELL] Round trip 14 ms
[PowerMeter] Round trip 199 ms
Admin AP remaining seconds: 110 / 180
[Pylontech RS485] Master Battery Pack 2
[Pylontech RS485] request time 5 ms, Cmnd: 42
[Pylontech RS485] response time 4 ms, Cmnd: 42
[PowerMeter] Round trip 117 ms
[MEANWELL] Round trip 14 ms
[PowerMeter] Round trip 97 ms
[MEANWELL] Round trip 14 ms
[Pylontech RS485] Master Battery Pack 2
[Pylontech RS485] request time 5 ms, Cmnd: 44
[Pylontech RS485] response time 3 ms, Cmnd: 44
[PowerMeter] Round trip 113 ms
Admin AP remaining seconds: 120 / 180
[MEANWELL] Round trip 14 ms
[PowerMeter] Round trip 98 ms
[Pylontech RS485] Master Battery Pack 2
[Pylontech RS485] request time 5 ms, Cmnd: 42
[Pylontech RS485] response time 4 ms, Cmnd: 42
[PowerMeter] Round trip 146 ms
[MEANWELL] Round trip 14 ms
[PowerMeter] Round trip 90 ms
[MEANWELL] Round trip 14 ms
[Pylontech RS485] Master Battery Pack 2
[Pylontech RS485] request time 5 ms, Cmnd: 47
[Pylontech RS485] response time 2 ms, Cmnd: 47
Admin AP remaining seconds: 130 / 180
[PowerMeter] Round trip 124 ms
[